time="2025-02-23T19:18:56+03:00" level=info msg="Create router" func="main.main()" file="app.go:21"
time="2025-02-23T19:18:56+03:00" level=info msg="read aplication configuration" func="notes-go/internal/config.GetConfig.func1()" file="config.go:25"
time="2025-02-23T19:18:56+03:00" level=info msg="register user nadler" func="main.main()" file="app.go:26"
time="2025-02-23T19:18:56+03:00" level=info msg="Start application" func="main.start()" file="app.go:36"
time="2025-02-23T19:18:56+03:00" level=info msg="listen tcp" func="main.start()" file="app.go:54"
time="2025-02-23T19:18:56+03:00" level=info msg="Server is listening port 0:0:0:0:10000" func="main.start()" file="app.go:57"
time="2025-03-01T21:09:30+03:00" level=info msg="Create router" func="main.main()" file="app.go:21"
time="2025-03-01T21:09:30+03:00" level=info msg="read aplication configuration" func="notes-go/internal/config.GetConfig.func1()" file="config.go:25"
time="2025-03-01T21:09:30+03:00" level=info msg="register user nadler" func="main.main()" file="app.go:26"
time="2025-03-01T21:09:30+03:00" level=info msg="Start application" func="main.start()" file="app.go:36"
time="2025-03-01T21:09:30+03:00" level=info msg="listen tcp" func="main.start()" file="app.go:54"
time="2025-03-01T21:09:30+03:00" level=info msg="Server is listening port 0:0:0:0:10000" func="main.start()" file="app.go:57"
time="2025-03-01T21:14:07+03:00" level=info msg="Create router" func="main.main()" file="app.go:21"
time="2025-03-01T21:14:07+03:00" level=info msg="read aplication configuration" func="notes-go/internal/config.GetConfig.func1()" file="config.go:25"
time="2025-03-01T21:14:07+03:00" level=info msg="register user nadler" func="main.main()" file="app.go:26"
time="2025-03-01T21:14:07+03:00" level=info msg="Start application" func="main.start()" file="app.go:36"
time="2025-03-01T21:14:07+03:00" level=info msg="listen tcp" func="main.start()" file="app.go:54"
time="2025-03-01T21:14:07+03:00" level=info msg="Server is listening port 0:0:0:0:10000" func="main.start()" file="app.go:57"
time="2025-03-02T12:16:50+03:00" level=info msg="Create router" func="main.main()" file="app.go:24"
time="2025-03-02T12:16:50+03:00" level=info msg="read aplication configuration" func="notes-go/internal/config.GetConfig.func1()" file="config.go:34"
time="2025-03-02T12:20:41+03:00" level=info msg="Create router" func="main.main()" file="app.go:24"
time="2025-03-02T12:20:41+03:00" level=info msg="read aplication configuration" func="notes-go/internal/config.GetConfig.func1()" file="config.go:34"
